{
  "C:\\Users\\acer\\Documents\\fund\\src\\LoginForm\\validateInfo.js": {
    "path": "C:\\Users\\acer\\Documents\\fund\\src\\LoginForm\\validateInfo.js",
    "statementMap": {
      "0": {
        "start": {
          "line": 2,
          "column": 15
        },
        "end": {
          "line": 2,
          "column": 17
        }
      },
      "1": {
        "start": {
          "line": 4,
          "column": 2
        },
        "end": {
          "line": 8,
          "column": 3
        }
      },
      "2": {
        "start": {
          "line": 5,
          "column": 4
        },
        "end": {
          "line": 5,
          "column": 44
        }
      },
      "3": {
        "start": {
          "line": 6,
          "column": 8
        },
        "end": {
          "line": 8,
          "column": 3
        }
      },
      "4": {
        "start": {
          "line": 7,
          "column": 4
        },
        "end": {
          "line": 7,
          "column": 46
        }
      },
      "5": {
        "start": {
          "line": 10,
          "column": 2
        },
        "end": {
          "line": 14,
          "column": 3
        }
      },
      "6": {
        "start": {
          "line": 11,
          "column": 4
        },
        "end": {
          "line": 11,
          "column": 45
        }
      },
      "7": {
        "start": {
          "line": 12,
          "column": 8
        },
        "end": {
          "line": 14,
          "column": 3
        }
      },
      "8": {
        "start": {
          "line": 13,
          "column": 4
        },
        "end": {
          "line": 13,
          "column": 66
        }
      },
      "9": {
        "start": {
          "line": 16,
          "column": 2
        },
        "end": {
          "line": 19,
          "column": 3
        }
      },
      "10": {
        "start": {
          "line": 17,
          "column": 4
        },
        "end": {
          "line": 17,
          "column": 25
        }
      },
      "11": {
        "start": {
          "line": 18,
          "column": 4
        },
        "end": {
          "line": 18,
          "column": 56
        }
      },
      "12": {
        "start": {
          "line": 20,
          "column": 2
        },
        "end": {
          "line": 20,
          "column": 16
        }
      }
    },
    "fnMap": {
      "0": {
        "name": "validateInfo",
        "decl": {
          "start": {
            "line": 1,
            "column": 24
          },
          "end": {
            "line": 1,
            "column": 36
          }
        },
        "loc": {
          "start": {
            "line": 1,
            "column": 51
          },
          "end": {
            "line": 21,
            "column": 1
          }
        },
        "line": 1
      }
    },
    "branchMap": {
      "0": {
        "loc": {
          "start": {
            "line": 4,
            "column": 2
          },
          "end": {
            "line": 8,
            "column": 3
          }
        },
        "type": "if",
        "locations": [
          {
            "start": {
              "line": 4,
              "column": 2
            },
            "end": {
              "line": 8,
              "column": 3
            }
          },
          {
            "start": {
              "line": 4,
              "column": 2
            },
            "end": {
              "line": 8,
              "column": 3
            }
          }
        ],
        "line": 4
      },
      "1": {
        "loc": {
          "start": {
            "line": 6,
            "column": 8
          },
          "end": {
            "line": 8,
            "column": 3
          }
        },
        "type": "if",
        "locations": [
          {
            "start": {
              "line": 6,
              "column": 8
            },
            "end": {
              "line": 8,
              "column": 3
            }
          },
          {
            "start": {
              "line": 6,
              "column": 8
            },
            "end": {
              "line": 8,
              "column": 3
            }
          }
        ],
        "line": 6
      },
      "2": {
        "loc": {
          "start": {
            "line": 10,
            "column": 2
          },
          "end": {
            "line": 14,
            "column": 3
          }
        },
        "type": "if",
        "locations": [
          {
            "start": {
              "line": 10,
              "column": 2
            },
            "end": {
              "line": 14,
              "column": 3
            }
          },
          {
            "start": {
              "line": 10,
              "column": 2
            },
            "end": {
              "line": 14,
              "column": 3
            }
          }
        ],
        "line": 10
      },
      "3": {
        "loc": {
          "start": {
            "line": 12,
            "column": 8
          },
          "end": {
            "line": 14,
            "column": 3
          }
        },
        "type": "if",
        "locations": [
          {
            "start": {
              "line": 12,
              "column": 8
            },
            "end": {
              "line": 14,
              "column": 3
            }
          },
          {
            "start": {
              "line": 12,
              "column": 8
            },
            "end": {
              "line": 14,
              "column": 3
            }
          }
        ],
        "line": 12
      },
      "4": {
        "loc": {
          "start": {
            "line": 16,
            "column": 2
          },
          "end": {
            "line": 19,
            "column": 3
          }
        },
        "type": "if",
        "locations": [
          {
            "start": {
              "line": 16,
              "column": 2
            },
            "end": {
              "line": 19,
              "column": 3
            }
          },
          {
            "start": {
              "line": 16,
              "column": 2
            },
            "end": {
              "line": 19,
              "column": 3
            }
          }
        ],
        "line": 16
      }
    },
    "s": {
      "0": 153,
      "1": 153,
      "2": 8,
      "3": 145,
      "4": 4,
      "5": 153,
      "6": 8,
      "7": 145,
      "8": 4,
      "9": 153,
      "10": 2,
      "11": 2,
      "12": 153
    },
    "f": {
      "0": 153
    },
    "b": {
      "0": [
        8,
        145
      ],
      "1": [
        4,
        141
      ],
      "2": [
        8,
        145
      ],
      "3": [
        4,
        141
      ],
      "4": [
        2,
        151
      ]
    },
    "_coverageSchema": "1a1c01bbd47fc00a2c39e90264f33305004495a9",
    "hash": "36558da3343c9900f9d318c82d944cdf75541922"
  },
  "C:\\Users\\acer\\Documents\\fund\\src\\LoginForm\\useLoginForm.js": {
    "path": "C:\\Users\\acer\\Documents\\fund\\src\\LoginForm\\useLoginForm.js",
    "statementMap": {
      "0": {
        "start": {
          "line": 4,
          "column": 21
        },
        "end": {
          "line": 61,
          "column": 1
        }
      },
      "1": {
        "start": {
          "line": 5,
          "column": 30
        },
        "end": {
          "line": 8,
          "column": 4
        }
      },
      "2": {
        "start": {
          "line": 9,
          "column": 30
        },
        "end": {
          "line": 9,
          "column": 42
        }
      },
      "3": {
        "start": {
          "line": 10,
          "column": 42
        },
        "end": {
          "line": 10,
          "column": 57
        }
      },
      "4": {
        "start": {
          "line": 13,
          "column": 19
        },
        "end": {
          "line": 13,
          "column": 32
        }
      },
      "5": {
        "start": {
          "line": 17,
          "column": 23
        },
        "end": {
          "line": 23,
          "column": 3
        }
      },
      "6": {
        "start": {
          "line": 18,
          "column": 28
        },
        "end": {
          "line": 18,
          "column": 36
        }
      },
      "7": {
        "start": {
          "line": 19,
          "column": 4
        },
        "end": {
          "line": 22,
          "column": 7
        }
      },
      "8": {
        "start": {
          "line": 26,
          "column": 23
        },
        "end": {
          "line": 47,
          "column": 3
        }
      },
      "9": {
        "start": {
          "line": 27,
          "column": 4
        },
        "end": {
          "line": 27,
          "column": 23
        }
      },
      "10": {
        "start": {
          "line": 28,
          "column": 4
        },
        "end": {
          "line": 43,
          "column": 6
        }
      },
      "11": {
        "start": {
          "line": 31,
          "column": 8
        },
        "end": {
          "line": 31,
          "column": 29
        }
      },
      "12": {
        "start": {
          "line": 32,
          "column": 8
        },
        "end": {
          "line": 32,
          "column": 32
        }
      },
      "13": {
        "start": {
          "line": 33,
          "column": 22
        },
        "end": {
          "line": 33,
          "column": 49
        }
      },
      "14": {
        "start": {
          "line": 35,
          "column": 8
        },
        "end": {
          "line": 39,
          "column": 9
        }
      },
      "15": {
        "start": {
          "line": 36,
          "column": 10
        },
        "end": {
          "line": 36,
          "column": 74
        }
      },
      "16": {
        "start": {
          "line": 38,
          "column": 10
        },
        "end": {
          "line": 38,
          "column": 79
        }
      },
      "17": {
        "start": {
          "line": 41,
          "column": 8
        },
        "end": {
          "line": 41,
          "column": 53
        }
      },
      "18": {
        "start": {
          "line": 42,
          "column": 8
        },
        "end": {
          "line": 42,
          "column": 38
        }
      },
      "19": {
        "start": {
          "line": 44,
          "column": 4
        },
        "end": {
          "line": 44,
          "column": 35
        }
      },
      "20": {
        "start": {
          "line": 45,
          "column": 4
        },
        "end": {
          "line": 45,
          "column": 26
        }
      },
      "21": {
        "start": {
          "line": 49,
          "column": 2
        },
        "end": {
          "line": 58,
          "column": 4
        }
      },
      "22": {
        "start": {
          "line": 52,
          "column": 6
        },
        "end": {
          "line": 55,
          "column": 7
        }
      },
      "23": {
        "start": {
          "line": 54,
          "column": 8
        },
        "end": {
          "line": 54,
          "column": 19
        }
      },
      "24": {
        "start": {
          "line": 60,
          "column": 2
        },
        "end": {
          "line": 60,
          "column": 56
        }
      }
    },
    "fnMap": {
      "0": {
        "name": "(anonymous_0)",
        "decl": {
          "start": {
            "line": 4,
            "column": 21
          },
          "end": {
            "line": 4,
            "column": 22
          }
        },
        "loc": {
          "start": {
            "line": 4,
            "column": 45
          },
          "end": {
            "line": 61,
            "column": 1
          }
        },
        "line": 4
      },
      "1": {
        "name": "(anonymous_1)",
        "decl": {
          "start": {
            "line": 17,
            "column": 23
          },
          "end": {
            "line": 17,
            "column": 24
          }
        },
        "loc": {
          "start": {
            "line": 17,
            "column": 28
          },
          "end": {
            "line": 23,
            "column": 3
          }
        },
        "line": 17
      },
      "2": {
        "name": "(anonymous_2)",
        "decl": {
          "start": {
            "line": 26,
            "column": 23
          },
          "end": {
            "line": 26,
            "column": 24
          }
        },
        "loc": {
          "start": {
            "line": 26,
            "column": 28
          },
          "end": {
            "line": 47,
            "column": 3
          }
        },
        "line": 26
      },
      "3": {
        "name": "(anonymous_3)",
        "decl": {
          "start": {
            "line": 29,
            "column": 10
          },
          "end": {
            "line": 29,
            "column": 11
          }
        },
        "loc": {
          "start": {
            "line": 29,
            "column": 17
          },
          "end": {
            "line": 40,
            "column": 5
          }
        },
        "line": 29
      },
      "4": {
        "name": "(anonymous_4)",
        "decl": {
          "start": {
            "line": 40,
            "column": 13
          },
          "end": {
            "line": 40,
            "column": 14
          }
        },
        "loc": {
          "start": {
            "line": 40,
            "column": 19
          },
          "end": {
            "line": 43,
            "column": 5
          }
        },
        "line": 40
      },
      "5": {
        "name": "(anonymous_5)",
        "decl": {
          "start": {
            "line": 50,
            "column": 4
          },
          "end": {
            "line": 50,
            "column": 5
          }
        },
        "loc": {
          "start": {
            "line": 50,
            "column": 10
          },
          "end": {
            "line": 56,
            "column": 5
          }
        },
        "line": 50
      }
    },
    "branchMap": {
      "0": {
        "loc": {
          "start": {
            "line": 35,
            "column": 8
          },
          "end": {
            "line": 39,
            "column": 9
          }
        },
        "type": "if",
        "locations": [
          {
            "start": {
              "line": 35,
              "column": 8
            },
            "end": {
              "line": 39,
              "column": 9
            }
          },
          {
            "start": {
              "line": 35,
              "column": 8
            },
            "end": {
              "line": 39,
              "column": 9
            }
          }
        ],
        "line": 35
      },
      "1": {
        "loc": {
          "start": {
            "line": 52,
            "column": 6
          },
          "end": {
            "line": 55,
            "column": 7
          }
        },
        "type": "if",
        "locations": [
          {
            "start": {
              "line": 52,
              "column": 6
            },
            "end": {
              "line": 55,
              "column": 7
            }
          },
          {
            "start": {
              "line": 52,
              "column": 6
            },
            "end": {
              "line": 55,
              "column": 7
            }
          }
        ],
        "line": 52
      },
      "2": {
        "loc": {
          "start": {
            "line": 52,
            "column": 10
          },
          "end": {
            "line": 52,
            "column": 58
          }
        },
        "type": "binary-expr",
        "locations": [
          {
            "start": {
              "line": 52,
              "column": 10
            },
            "end": {
              "line": 52,
              "column": 42
            }
          },
          {
            "start": {
              "line": 52,
              "column": 46
            },
            "end": {
              "line": 52,
              "column": 58
            }
          }
        ],
        "line": 52
      }
    },
    "s": {
      "0": 170,
      "1": 10126,
      "2": 10126,
      "3": 10126,
      "4": 10126,
      "5": 10126,
      "6": 4631,
      "7": 4631,
      "8": 10126,
      "9": 143,
      "10": 143,
      "11": 133,
      "12": 133,
      "13": 133,
      "14": 133,
      "15": 97,
      "16": 36,
      "17": 10,
      "18": 10,
      "19": 143,
      "20": 143,
      "21": 10126,
      "22": 441,
      "23": 135,
      "24": 10126
    },
    "f": {
      "0": 10126,
      "1": 4631,
      "2": 143,
      "3": 133,
      "4": 10,
      "5": 441
    },
    "b": {
      "0": [
        97,
        36
      ],
      "1": [
        135,
        306
      ],
      "2": [
        441,
        423
      ]
    },
    "_coverageSchema": "1a1c01bbd47fc00a2c39e90264f33305004495a9",
    "hash": "03866861748adbf9c35c8d474d4743370af9aee5"
  },
  "C:\\Users\\acer\\Documents\\fund\\src\\LoginForm\\FormLogin.js": {
    "path": "C:\\Users\\acer\\Documents\\fund\\src\\LoginForm\\FormLogin.js",
    "statementMap": {
      "0": {
        "start": {
          "line": 6,
          "column": 18
        },
        "end": {
          "line": 55,
          "column": 1
        }
      },
      "1": {
        "start": {
          "line": 7,
          "column": 57
        },
        "end": {
          "line": 10,
          "column": 3
        }
      },
      "2": {
        "start": {
          "line": 12,
          "column": 2
        },
        "end": {
          "line": 54,
          "column": 4
        }
      }
    },
    "fnMap": {
      "0": {
        "name": "(anonymous_0)",
        "decl": {
          "start": {
            "line": 6,
            "column": 18
          },
          "end": {
            "line": 6,
            "column": 19
          }
        },
        "loc": {
          "start": {
            "line": 6,
            "column": 38
          },
          "end": {
            "line": 55,
            "column": 1
          }
        },
        "line": 6
      }
    },
    "branchMap": {
      "0": {
        "loc": {
          "start": {
            "line": 31,
            "column": 11
          },
          "end": {
            "line": 31,
            "column": 65
          }
        },
        "type": "binary-expr",
        "locations": [
          {
            "start": {
              "line": 31,
              "column": 11
            },
            "end": {
              "line": 31,
              "column": 23
            }
          },
          {
            "start": {
              "line": 31,
              "column": 27
            },
            "end": {
              "line": 31,
              "column": 65
            }
          }
        ],
        "line": 31
      },
      "1": {
        "loc": {
          "start": {
            "line": 45,
            "column": 11
          },
          "end": {
            "line": 45,
            "column": 73
          }
        },
        "type": "binary-expr",
        "locations": [
          {
            "start": {
              "line": 45,
              "column": 11
            },
            "end": {
              "line": 45,
              "column": 26
            }
          },
          {
            "start": {
              "line": 45,
              "column": 30
            },
            "end": {
              "line": 45,
              "column": 73
            }
          }
        ],
        "line": 45
      },
      "2": {
        "loc": {
          "start": {
            "line": 46,
            "column": 11
          },
          "end": {
            "line": 46,
            "column": 66
          }
        },
        "type": "binary-expr",
        "locations": [
          {
            "start": {
              "line": 46,
              "column": 11
            },
            "end": {
              "line": 46,
              "column": 23
            }
          },
          {
            "start": {
              "line": 46,
              "column": 27
            },
            "end": {
              "line": 46,
              "column": 66
            }
          }
        ],
        "line": 46
      }
    },
    "s": {
      "0": 170,
      "1": 10126,
      "2": 10126
    },
    "f": {
      "0": 10126
    },
    "b": {
      "0": [
        10126,
        24
      ],
      "1": [
        10126,
        24
      ],
      "2": [
        10126,
        4
      ]
    },
    "_coverageSchema": "1a1c01bbd47fc00a2c39e90264f33305004495a9",
    "hash": "d2b139bd901de0d42fdd6ba1d47135a6f9c136ef"
  },
  "C:\\Users\\acer\\Documents\\fund\\src\\LoginForm\\Form.js": {
    "path": "C:\\Users\\acer\\Documents\\fund\\src\\LoginForm\\Form.js",
    "statementMap": {
      "0": {
        "start": {
          "line": 5,
          "column": 18
        },
        "end": {
          "line": 25,
          "column": 1
        }
      },
      "1": {
        "start": {
          "line": 6,
          "column": 40
        },
        "end": {
          "line": 6,
          "column": 55
        }
      },
      "2": {
        "start": {
          "line": 9,
          "column": 4
        },
        "end": {
          "line": 9,
          "column": 25
        }
      },
      "3": {
        "start": {
          "line": 11,
          "column": 2
        },
        "end": {
          "line": 24,
          "column": 4
        }
      }
    },
    "fnMap": {
      "0": {
        "name": "(anonymous_0)",
        "decl": {
          "start": {
            "line": 5,
            "column": 18
          },
          "end": {
            "line": 5,
            "column": 19
          }
        },
        "loc": {
          "start": {
            "line": 5,
            "column": 24
          },
          "end": {
            "line": 25,
            "column": 1
          }
        },
        "line": 5
      },
      "1": {
        "name": "submitForm",
        "decl": {
          "start": {
            "line": 8,
            "column": 11
          },
          "end": {
            "line": 8,
            "column": 21
          }
        },
        "loc": {
          "start": {
            "line": 8,
            "column": 24
          },
          "end": {
            "line": 10,
            "column": 3
          }
        },
        "line": 8
      }
    },
    "branchMap": {},
    "s": {
      "0": 170,
      "1": 558,
      "2": 135,
      "3": 558
    },
    "f": {
      "0": 558,
      "1": 135
    },
    "b": {},
    "_coverageSchema": "1a1c01bbd47fc00a2c39e90264f33305004495a9",
    "hash": "1d2670da96d0fe1da5a8d47e3d5ec3517d596437"
  },
  "C:\\Users\\acer\\Documents\\fund\\src\\SignupForm\\validateInfo.js": {
    "path": "C:\\Users\\acer\\Documents\\fund\\src\\SignupForm\\validateInfo.js",
    "statementMap": {
      "0": {
        "start": {
          "line": 2,
          "column": 15
        },
        "end": {
          "line": 2,
          "column": 17
        }
      },
      "1": {
        "start": {
          "line": 4,
          "column": 2
        },
        "end": {
          "line": 6,
          "column": 3
        }
      },
      "2": {
        "start": {
          "line": 5,
          "column": 4
        },
        "end": {
          "line": 5,
          "column": 45
        }
      },
      "3": {
        "start": {
          "line": 8,
          "column": 2
        },
        "end": {
          "line": 10,
          "column": 3
        }
      },
      "4": {
        "start": {
          "line": 9,
          "column": 4
        },
        "end": {
          "line": 9,
          "column": 43
        }
      },
      "5": {
        "start": {
          "line": 12,
          "column": 2
        },
        "end": {
          "line": 18,
          "column": 3
        }
      },
      "6": {
        "start": {
          "line": 13,
          "column": 4
        },
        "end": {
          "line": 13,
          "column": 43
        }
      },
      "7": {
        "start": {
          "line": 14,
          "column": 8
        },
        "end": {
          "line": 18,
          "column": 3
        }
      },
      "8": {
        "start": {
          "line": 15,
          "column": 4
        },
        "end": {
          "line": 15,
          "column": 61
        }
      },
      "9": {
        "start": {
          "line": 16,
          "column": 8
        },
        "end": {
          "line": 18,
          "column": 3
        }
      },
      "10": {
        "start": {
          "line": 17,
          "column": 4
        },
        "end": {
          "line": 17,
          "column": 48
        }
      },
      "11": {
        "start": {
          "line": 20,
          "column": 2
        },
        "end": {
          "line": 26,
          "column": 3
        }
      },
      "12": {
        "start": {
          "line": 21,
          "column": 4
        },
        "end": {
          "line": 21,
          "column": 36
        }
      },
      "13": {
        "start": {
          "line": 22,
          "column": 9
        },
        "end": {
          "line": 26,
          "column": 3
        }
      },
      "14": {
        "start": {
          "line": 23,
          "column": 4
        },
        "end": {
          "line": 23,
          "column": 46
        }
      },
      "15": {
        "start": {
          "line": 24,
          "column": 8
        },
        "end": {
          "line": 26,
          "column": 3
        }
      },
      "16": {
        "start": {
          "line": 25,
          "column": 4
        },
        "end": {
          "line": 25,
          "column": 49
        }
      },
      "17": {
        "start": {
          "line": 27,
          "column": 2
        },
        "end": {
          "line": 31,
          "column": 3
        }
      },
      "18": {
        "start": {
          "line": 28,
          "column": 4
        },
        "end": {
          "line": 28,
          "column": 45
        }
      },
      "19": {
        "start": {
          "line": 29,
          "column": 9
        },
        "end": {
          "line": 31,
          "column": 3
        }
      },
      "20": {
        "start": {
          "line": 30,
          "column": 4
        },
        "end": {
          "line": 30,
          "column": 66
        }
      },
      "21": {
        "start": {
          "line": 33,
          "column": 2
        },
        "end": {
          "line": 37,
          "column": 3
        }
      },
      "22": {
        "start": {
          "line": 34,
          "column": 4
        },
        "end": {
          "line": 34,
          "column": 46
        }
      },
      "23": {
        "start": {
          "line": 35,
          "column": 9
        },
        "end": {
          "line": 37,
          "column": 3
        }
      },
      "24": {
        "start": {
          "line": 36,
          "column": 4
        },
        "end": {
          "line": 36,
          "column": 48
        }
      },
      "25": {
        "start": {
          "line": 38,
          "column": 2
        },
        "end": {
          "line": 38,
          "column": 16
        }
      }
    },
    "fnMap": {
      "0": {
        "name": "validateInfo",
        "decl": {
          "start": {
            "line": 1,
            "column": 24
          },
          "end": {
            "line": 1,
            "column": 36
          }
        },
        "loc": {
          "start": {
            "line": 1,
            "column": 49
          },
          "end": {
            "line": 39,
            "column": 1
          }
        },
        "line": 1
      }
    },
    "branchMap": {
      "0": {
        "loc": {
          "start": {
            "line": 4,
            "column": 2
          },
          "end": {
            "line": 6,
            "column": 3
          }
        },
        "type": "if",
        "locations": [
          {
            "start": {
              "line": 4,
              "column": 2
            },
            "end": {
              "line": 6,
              "column": 3
            }
          },
          {
            "start": {
              "line": 4,
              "column": 2
            },
            "end": {
              "line": 6,
              "column": 3
            }
          }
        ],
        "line": 4
      },
      "1": {
        "loc": {
          "start": {
            "line": 8,
            "column": 2
          },
          "end": {
            "line": 10,
            "column": 3
          }
        },
        "type": "if",
        "locations": [
          {
            "start": {
              "line": 8,
              "column": 2
            },
            "end": {
              "line": 10,
              "column": 3
            }
          },
          {
            "start": {
              "line": 8,
              "column": 2
            },
            "end": {
              "line": 10,
              "column": 3
            }
          }
        ],
        "line": 8
      },
      "2": {
        "loc": {
          "start": {
            "line": 12,
            "column": 2
          },
          "end": {
            "line": 18,
            "column": 3
          }
        },
        "type": "if",
        "locations": [
          {
            "start": {
              "line": 12,
              "column": 2
            },
            "end": {
              "line": 18,
              "column": 3
            }
          },
          {
            "start": {
              "line": 12,
              "column": 2
            },
            "end": {
              "line": 18,
              "column": 3
            }
          }
        ],
        "line": 12
      },
      "3": {
        "loc": {
          "start": {
            "line": 14,
            "column": 8
          },
          "end": {
            "line": 18,
            "column": 3
          }
        },
        "type": "if",
        "locations": [
          {
            "start": {
              "line": 14,
              "column": 8
            },
            "end": {
              "line": 18,
              "column": 3
            }
          },
          {
            "start": {
              "line": 14,
              "column": 8
            },
            "end": {
              "line": 18,
              "column": 3
            }
          }
        ],
        "line": 14
      },
      "4": {
        "loc": {
          "start": {
            "line": 16,
            "column": 8
          },
          "end": {
            "line": 18,
            "column": 3
          }
        },
        "type": "if",
        "locations": [
          {
            "start": {
              "line": 16,
              "column": 8
            },
            "end": {
              "line": 18,
              "column": 3
            }
          },
          {
            "start": {
              "line": 16,
              "column": 8
            },
            "end": {
              "line": 18,
              "column": 3
            }
          }
        ],
        "line": 16
      },
      "5": {
        "loc": {
          "start": {
            "line": 20,
            "column": 2
          },
          "end": {
            "line": 26,
            "column": 3
          }
        },
        "type": "if",
        "locations": [
          {
            "start": {
              "line": 20,
              "column": 2
            },
            "end": {
              "line": 26,
              "column": 3
            }
          },
          {
            "start": {
              "line": 20,
              "column": 2
            },
            "end": {
              "line": 26,
              "column": 3
            }
          }
        ],
        "line": 20
      },
      "6": {
        "loc": {
          "start": {
            "line": 22,
            "column": 9
          },
          "end": {
            "line": 26,
            "column": 3
          }
        },
        "type": "if",
        "locations": [
          {
            "start": {
              "line": 22,
              "column": 9
            },
            "end": {
              "line": 26,
              "column": 3
            }
          },
          {
            "start": {
              "line": 22,
              "column": 9
            },
            "end": {
              "line": 26,
              "column": 3
            }
          }
        ],
        "line": 22
      },
      "7": {
        "loc": {
          "start": {
            "line": 24,
            "column": 8
          },
          "end": {
            "line": 26,
            "column": 3
          }
        },
        "type": "if",
        "locations": [
          {
            "start": {
              "line": 24,
              "column": 8
            },
            "end": {
              "line": 26,
              "column": 3
            }
          },
          {
            "start": {
              "line": 24,
              "column": 8
            },
            "end": {
              "line": 26,
              "column": 3
            }
          }
        ],
        "line": 24
      },
      "8": {
        "loc": {
          "start": {
            "line": 27,
            "column": 2
          },
          "end": {
            "line": 31,
            "column": 3
          }
        },
        "type": "if",
        "locations": [
          {
            "start": {
              "line": 27,
              "column": 2
            },
            "end": {
              "line": 31,
              "column": 3
            }
          },
          {
            "start": {
              "line": 27,
              "column": 2
            },
            "end": {
              "line": 31,
              "column": 3
            }
          }
        ],
        "line": 27
      },
      "9": {
        "loc": {
          "start": {
            "line": 29,
            "column": 9
          },
          "end": {
            "line": 31,
            "column": 3
          }
        },
        "type": "if",
        "locations": [
          {
            "start": {
              "line": 29,
              "column": 9
            },
            "end": {
              "line": 31,
              "column": 3
            }
          },
          {
            "start": {
              "line": 29,
              "column": 9
            },
            "end": {
              "line": 31,
              "column": 3
            }
          }
        ],
        "line": 29
      },
      "10": {
        "loc": {
          "start": {
            "line": 33,
            "column": 2
          },
          "end": {
            "line": 37,
            "column": 3
          }
        },
        "type": "if",
        "locations": [
          {
            "start": {
              "line": 33,
              "column": 2
            },
            "end": {
              "line": 37,
              "column": 3
            }
          },
          {
            "start": {
              "line": 33,
              "column": 2
            },
            "end": {
              "line": 37,
              "column": 3
            }
          }
        ],
        "line": 33
      },
      "11": {
        "loc": {
          "start": {
            "line": 35,
            "column": 9
          },
          "end": {
            "line": 37,
            "column": 3
          }
        },
        "type": "if",
        "locations": [
          {
            "start": {
              "line": 35,
              "column": 9
            },
            "end": {
              "line": 37,
              "column": 3
            }
          },
          {
            "start": {
              "line": 35,
              "column": 9
            },
            "end": {
              "line": 37,
              "column": 3
            }
          }
        ],
        "line": 35
      }
    },
    "s": {
      "0": 46,
      "1": 46,
      "2": 12,
      "3": 46,
      "4": 12,
      "5": 46,
      "6": 8,
      "7": 38,
      "8": 4,
      "9": 34,
      "10": 2,
      "11": 46,
      "12": 8,
      "13": 38,
      "14": 8,
      "15": 30,
      "16": 2,
      "17": 46,
      "18": 8,
      "19": 38,
      "20": 4,
      "21": 46,
      "22": 6,
      "23": 40,
      "24": 6,
      "25": 46
    },
    "f": {
      "0": 46
    },
    "b": {
      "0": [
        12,
        34
      ],
      "1": [
        12,
        34
      ],
      "2": [
        8,
        38
      ],
      "3": [
        4,
        34
      ],
      "4": [
        2,
        32
      ],
      "5": [
        8,
        38
      ],
      "6": [
        8,
        30
      ],
      "7": [
        2,
        28
      ],
      "8": [
        8,
        38
      ],
      "9": [
        4,
        34
      ],
      "10": [
        6,
        40
      ],
      "11": [
        6,
        34
      ]
    },
    "_coverageSchema": "1a1c01bbd47fc00a2c39e90264f33305004495a9",
    "hash": "ebeb98f1bf84d08817b7455cea3425282863c47a"
  },
  "C:\\Users\\acer\\Documents\\fund\\src\\SignupForm\\useSignupForm.js": {
    "path": "C:\\Users\\acer\\Documents\\fund\\src\\SignupForm\\useSignupForm.js",
    "statementMap": {
      "0": {
        "start": {
          "line": 4,
          "column": 22
        },
        "end": {
          "line": 70,
          "column": 1
        }
      },
      "1": {
        "start": {
          "line": 5,
          "column": 30
        },
        "end": {
          "line": 12,
          "column": 4
        }
      },
      "2": {
        "start": {
          "line": 13,
          "column": 30
        },
        "end": {
          "line": 13,
          "column": 42
        }
      },
      "3": {
        "start": {
          "line": 14,
          "column": 42
        },
        "end": {
          "line": 14,
          "column": 57
        }
      },
      "4": {
        "start": {
          "line": 17,
          "column": 19
        },
        "end": {
          "line": 17,
          "column": 32
        }
      },
      "5": {
        "start": {
          "line": 21,
          "column": 23
        },
        "end": {
          "line": 27,
          "column": 3
        }
      },
      "6": {
        "start": {
          "line": 22,
          "column": 28
        },
        "end": {
          "line": 22,
          "column": 36
        }
      },
      "7": {
        "start": {
          "line": 23,
          "column": 4
        },
        "end": {
          "line": 26,
          "column": 7
        }
      },
      "8": {
        "start": {
          "line": 29,
          "column": 23
        },
        "end": {
          "line": 56,
          "column": 3
        }
      },
      "9": {
        "start": {
          "line": 30,
          "column": 4
        },
        "end": {
          "line": 30,
          "column": 23
        }
      },
      "10": {
        "start": {
          "line": 32,
          "column": 17
        },
        "end": {
          "line": 38,
          "column": 5
        }
      },
      "11": {
        "start": {
          "line": 39,
          "column": 4
        },
        "end": {
          "line": 50,
          "column": 5
        }
      },
      "12": {
        "start": {
          "line": 40,
          "column": 6
        },
        "end": {
          "line": 49,
          "column": 8
        }
      },
      "13": {
        "start": {
          "line": 42,
          "column": 10
        },
        "end": {
          "line": 42,
          "column": 31
        }
      },
      "14": {
        "start": {
          "line": 43,
          "column": 10
        },
        "end": {
          "line": 43,
          "column": 34
        }
      },
      "15": {
        "start": {
          "line": 44,
          "column": 10
        },
        "end": {
          "line": 44,
          "column": 96
        }
      },
      "16": {
        "start": {
          "line": 46,
          "column": 8
        },
        "end": {
          "line": 46,
          "column": 38
        }
      },
      "17": {
        "start": {
          "line": 47,
          "column": 8
        },
        "end": {
          "line": 47,
          "column": 53
        }
      },
      "18": {
        "start": {
          "line": 52,
          "column": 4
        },
        "end": {
          "line": 52,
          "column": 32
        }
      },
      "19": {
        "start": {
          "line": 53,
          "column": 4
        },
        "end": {
          "line": 53,
          "column": 26
        }
      },
      "20": {
        "start": {
          "line": 59,
          "column": 2
        },
        "end": {
          "line": 67,
          "column": 4
        }
      },
      "21": {
        "start": {
          "line": 61,
          "column": 6
        },
        "end": {
          "line": 64,
          "column": 7
        }
      },
      "22": {
        "start": {
          "line": 63,
          "column": 8
        },
        "end": {
          "line": 63,
          "column": 19
        }
      },
      "23": {
        "start": {
          "line": 69,
          "column": 2
        },
        "end": {
          "line": 69,
          "column": 56
        }
      }
    },
    "fnMap": {
      "0": {
        "name": "(anonymous_0)",
        "decl": {
          "start": {
            "line": 4,
            "column": 22
          },
          "end": {
            "line": 4,
            "column": 23
          }
        },
        "loc": {
          "start": {
            "line": 4,
            "column": 46
          },
          "end": {
            "line": 70,
            "column": 1
          }
        },
        "line": 4
      },
      "1": {
        "name": "(anonymous_1)",
        "decl": {
          "start": {
            "line": 21,
            "column": 23
          },
          "end": {
            "line": 21,
            "column": 24
          }
        },
        "loc": {
          "start": {
            "line": 21,
            "column": 28
          },
          "end": {
            "line": 27,
            "column": 3
          }
        },
        "line": 21
      },
      "2": {
        "name": "(anonymous_2)",
        "decl": {
          "start": {
            "line": 29,
            "column": 23
          },
          "end": {
            "line": 29,
            "column": 24
          }
        },
        "loc": {
          "start": {
            "line": 29,
            "column": 28
          },
          "end": {
            "line": 56,
            "column": 3
          }
        },
        "line": 29
      },
      "3": {
        "name": "(anonymous_3)",
        "decl": {
          "start": {
            "line": 41,
            "column": 12
          },
          "end": {
            "line": 41,
            "column": 13
          }
        },
        "loc": {
          "start": {
            "line": 41,
            "column": 19
          },
          "end": {
            "line": 45,
            "column": 7
          }
        },
        "line": 41
      },
      "4": {
        "name": "(anonymous_4)",
        "decl": {
          "start": {
            "line": 45,
            "column": 15
          },
          "end": {
            "line": 45,
            "column": 16
          }
        },
        "loc": {
          "start": {
            "line": 45,
            "column": 22
          },
          "end": {
            "line": 49,
            "column": 7
          }
        },
        "line": 45
      },
      "5": {
        "name": "(anonymous_5)",
        "decl": {
          "start": {
            "line": 60,
            "column": 4
          },
          "end": {
            "line": 60,
            "column": 5
          }
        },
        "loc": {
          "start": {
            "line": 60,
            "column": 10
          },
          "end": {
            "line": 65,
            "column": 5
          }
        },
        "line": 60
      }
    },
    "branchMap": {
      "0": {
        "loc": {
          "start": {
            "line": 39,
            "column": 4
          },
          "end": {
            "line": 50,
            "column": 5
          }
        },
        "type": "if",
        "locations": [
          {
            "start": {
              "line": 39,
              "column": 4
            },
            "end": {
              "line": 50,
              "column": 5
            }
          },
          {
            "start": {
              "line": 39,
              "column": 4
            },
            "end": {
              "line": 50,
              "column": 5
            }
          }
        ],
        "line": 39
      },
      "1": {
        "loc": {
          "start": {
            "line": 61,
            "column": 6
          },
          "end": {
            "line": 64,
            "column": 7
          }
        },
        "type": "if",
        "locations": [
          {
            "start": {
              "line": 61,
              "column": 6
            },
            "end": {
              "line": 64,
              "column": 7
            }
          },
          {
            "start": {
              "line": 61,
              "column": 6
            },
            "end": {
              "line": 64,
              "column": 7
            }
          }
        ],
        "line": 61
      },
      "2": {
        "loc": {
          "start": {
            "line": 61,
            "column": 10
          },
          "end": {
            "line": 61,
            "column": 58
          }
        },
        "type": "binary-expr",
        "locations": [
          {
            "start": {
              "line": 61,
              "column": 10
            },
            "end": {
              "line": 61,
              "column": 42
            }
          },
          {
            "start": {
              "line": 61,
              "column": 46
            },
            "end": {
              "line": 61,
              "column": 58
            }
          }
        ],
        "line": 61
      }
    },
    "s": {
      "0": 170,
      "1": 3036,
      "2": 3036,
      "3": 3036,
      "4": 3036,
      "5": 3036,
      "6": 1296,
      "7": 1296,
      "8": 3036,
      "9": 26,
      "10": 26,
      "11": 26,
      "12": 22,
      "13": 2,
      "14": 2,
      "15": 2,
      "16": 20,
      "17": 20,
      "18": 26,
      "19": 26,
      "20": 3036,
      "21": 386,
      "22": 6,
      "23": 3036
    },
    "f": {
      "0": 3036,
      "1": 1296,
      "2": 26,
      "3": 2,
      "4": 20,
      "5": 386
    },
    "b": {
      "0": [
        22,
        4
      ],
      "1": [
        6,
        380
      ],
      "2": [
        386,
        346
      ]
    },
    "_coverageSchema": "1a1c01bbd47fc00a2c39e90264f33305004495a9",
    "hash": "2d8d7dc5806229131868470f66069ca411cd819c"
  },
  "C:\\Users\\acer\\Documents\\fund\\src\\SignupForm\\FormSignup.js": {
    "path": "C:\\Users\\acer\\Documents\\fund\\src\\SignupForm\\FormSignup.js",
    "statementMap": {
      "0": {
        "start": {
          "line": 8,
          "column": 19
        },
        "end": {
          "line": 117,
          "column": 1
        }
      },
      "1": {
        "start": {
          "line": 9,
          "column": 57
        },
        "end": {
          "line": 12,
          "column": 3
        }
      },
      "2": {
        "start": {
          "line": 15,
          "column": 2
        },
        "end": {
          "line": 116,
          "column": 4
        }
      }
    },
    "fnMap": {
      "0": {
        "name": "(anonymous_0)",
        "decl": {
          "start": {
            "line": 8,
            "column": 19
          },
          "end": {
            "line": 8,
            "column": 20
          }
        },
        "loc": {
          "start": {
            "line": 8,
            "column": 39
          },
          "end": {
            "line": 117,
            "column": 1
          }
        },
        "line": 8
      }
    },
    "branchMap": {
      "0": {
        "loc": {
          "start": {
            "line": 35,
            "column": 11
          },
          "end": {
            "line": 35,
            "column": 74
          }
        },
        "type": "binary-expr",
        "locations": [
          {
            "start": {
              "line": 35,
              "column": 11
            },
            "end": {
              "line": 35,
              "column": 27
            }
          },
          {
            "start": {
              "line": 35,
              "column": 31
            },
            "end": {
              "line": 35,
              "column": 74
            }
          }
        ],
        "line": 35
      },
      "1": {
        "loc": {
          "start": {
            "line": 49,
            "column": 11
          },
          "end": {
            "line": 49,
            "column": 72
          }
        },
        "type": "binary-expr",
        "locations": [
          {
            "start": {
              "line": 49,
              "column": 11
            },
            "end": {
              "line": 49,
              "column": 26
            }
          },
          {
            "start": {
              "line": 49,
              "column": 30
            },
            "end": {
              "line": 49,
              "column": 72
            }
          }
        ],
        "line": 49
      },
      "2": {
        "loc": {
          "start": {
            "line": 63,
            "column": 11
          },
          "end": {
            "line": 63,
            "column": 65
          }
        },
        "type": "binary-expr",
        "locations": [
          {
            "start": {
              "line": 63,
              "column": 11
            },
            "end": {
              "line": 63,
              "column": 23
            }
          },
          {
            "start": {
              "line": 63,
              "column": 27
            },
            "end": {
              "line": 63,
              "column": 65
            }
          }
        ],
        "line": 63
      },
      "3": {
        "loc": {
          "start": {
            "line": 77,
            "column": 11
          },
          "end": {
            "line": 77,
            "column": 65
          }
        },
        "type": "binary-expr",
        "locations": [
          {
            "start": {
              "line": 77,
              "column": 11
            },
            "end": {
              "line": 77,
              "column": 23
            }
          },
          {
            "start": {
              "line": 77,
              "column": 27
            },
            "end": {
              "line": 77,
              "column": 65
            }
          }
        ],
        "line": 77
      },
      "4": {
        "loc": {
          "start": {
            "line": 91,
            "column": 11
          },
          "end": {
            "line": 91,
            "column": 73
          }
        },
        "type": "binary-expr",
        "locations": [
          {
            "start": {
              "line": 91,
              "column": 11
            },
            "end": {
              "line": 91,
              "column": 26
            }
          },
          {
            "start": {
              "line": 91,
              "column": 30
            },
            "end": {
              "line": 91,
              "column": 73
            }
          }
        ],
        "line": 91
      },
      "5": {
        "loc": {
          "start": {
            "line": 105,
            "column": 11
          },
          "end": {
            "line": 105,
            "column": 73
          }
        },
        "type": "binary-expr",
        "locations": [
          {
            "start": {
              "line": 105,
              "column": 11
            },
            "end": {
              "line": 105,
              "column": 27
            }
          },
          {
            "start": {
              "line": 105,
              "column": 31
            },
            "end": {
              "line": 105,
              "column": 73
            }
          }
        ],
        "line": 105
      }
    },
    "s": {
      "0": 170,
      "1": 3036,
      "2": 3036
    },
    "f": {
      "0": 3036
    },
    "b": {
      "0": [
        3036,
        24
      ],
      "1": [
        3036,
        24
      ],
      "2": [
        3036,
        28
      ],
      "3": [
        3036,
        36
      ],
      "4": [
        3036,
        24
      ],
      "5": [
        3036,
        24
      ]
    },
    "_coverageSchema": "1a1c01bbd47fc00a2c39e90264f33305004495a9",
    "hash": "b95e982459af4b40b6b1392936a54b61fa03fd3a"
  },
  "C:\\Users\\acer\\Documents\\fund\\src\\SignupForm\\Form.js": {
    "path": "C:\\Users\\acer\\Documents\\fund\\src\\SignupForm\\Form.js",
    "statementMap": {
      "0": {
        "start": {
          "line": 5,
          "column": 19
        },
        "end": {
          "line": 27,
          "column": 1
        }
      },
      "1": {
        "start": {
          "line": 6,
          "column": 40
        },
        "end": {
          "line": 6,
          "column": 55
        }
      },
      "2": {
        "start": {
          "line": 9,
          "column": 4
        },
        "end": {
          "line": 9,
          "column": 25
        }
      },
      "3": {
        "start": {
          "line": 11,
          "column": 2
        },
        "end": {
          "line": 26,
          "column": 4
        }
      }
    },
    "fnMap": {
      "0": {
        "name": "(anonymous_0)",
        "decl": {
          "start": {
            "line": 5,
            "column": 19
          },
          "end": {
            "line": 5,
            "column": 20
          }
        },
        "loc": {
          "start": {
            "line": 5,
            "column": 25
          },
          "end": {
            "line": 27,
            "column": 1
          }
        },
        "line": 5
      },
      "1": {
        "name": "submitForm",
        "decl": {
          "start": {
            "line": 8,
            "column": 11
          },
          "end": {
            "line": 8,
            "column": 21
          }
        },
        "loc": {
          "start": {
            "line": 8,
            "column": 24
          },
          "end": {
            "line": 10,
            "column": 3
          }
        },
        "line": 8
      }
    },
    "branchMap": {},
    "s": {
      "0": 170,
      "1": 352,
      "2": 6,
      "3": 352
    },
    "f": {
      "0": 352,
      "1": 6
    },
    "b": {},
    "_coverageSchema": "1a1c01bbd47fc00a2c39e90264f33305004495a9",
    "hash": "51dfc9489a84d6936aaece7fc6c0d1bd53ae2b68"
  },
  "C:\\Users\\acer\\Documents\\fund\\src\\ViewFundraisers\\listFundraisers.js": {
    "path": "C:\\Users\\acer\\Documents\\fund\\src\\ViewFundraisers\\listFundraisers.js",
    "statementMap": {
      "0": {
        "start": {
          "line": 6,
          "column": 24
        },
        "end": {
          "line": 77,
          "column": 1
        }
      },
      "1": {
        "start": {
          "line": 8,
          "column": 27
        },
        "end": {
          "line": 8,
          "column": 39
        }
      },
      "2": {
        "start": {
          "line": 10,
          "column": 26
        },
        "end": {
          "line": 17,
          "column": 2
        }
      },
      "3": {
        "start": {
          "line": 11,
          "column": 4
        },
        "end": {
          "line": 16,
          "column": 6
        }
      },
      "4": {
        "start": {
          "line": 14,
          "column": 8
        },
        "end": {
          "line": 14,
          "column": 29
        }
      },
      "5": {
        "start": {
          "line": 15,
          "column": 8
        },
        "end": {
          "line": 15,
          "column": 26
        }
      },
      "6": {
        "start": {
          "line": 19,
          "column": 18
        },
        "end": {
          "line": 19,
          "column": 31
        }
      },
      "7": {
        "start": {
          "line": 22,
          "column": 5
        },
        "end": {
          "line": 22,
          "column": 20
        }
      },
      "8": {
        "start": {
          "line": 23,
          "column": 5
        },
        "end": {
          "line": 23,
          "column": 26
        }
      },
      "9": {
        "start": {
          "line": 24,
          "column": 4
        },
        "end": {
          "line": 24,
          "column": 104
        }
      },
      "10": {
        "start": {
          "line": 26,
          "column": 1
        },
        "end": {
          "line": 33,
          "column": 4
        }
      },
      "11": {
        "start": {
          "line": 28,
          "column": 6
        },
        "end": {
          "line": 30,
          "column": 7
        }
      },
      "12": {
        "start": {
          "line": 29,
          "column": 10
        },
        "end": {
          "line": 29,
          "column": 28
        }
      },
      "13": {
        "start": {
          "line": 34,
          "column": 2
        },
        "end": {
          "line": 76,
          "column": 4
        }
      },
      "14": {
        "start": {
          "line": 44,
          "column": 13
        },
        "end": {
          "line": 68,
          "column": 15
        }
      },
      "15": {
        "start": {
          "line": 65,
          "column": 60
        },
        "end": {
          "line": 65,
          "column": 81
        }
      }
    },
    "fnMap": {
      "0": {
        "name": "(anonymous_0)",
        "decl": {
          "start": {
            "line": 6,
            "column": 24
          },
          "end": {
            "line": 6,
            "column": 25
          }
        },
        "loc": {
          "start": {
            "line": 6,
            "column": 40
          },
          "end": {
            "line": 77,
            "column": 1
          }
        },
        "line": 6
      },
      "1": {
        "name": "(anonymous_1)",
        "decl": {
          "start": {
            "line": 10,
            "column": 26
          },
          "end": {
            "line": 10,
            "column": 27
          }
        },
        "loc": {
          "start": {
            "line": 10,
            "column": 32
          },
          "end": {
            "line": 17,
            "column": 2
          }
        },
        "line": 10
      },
      "2": {
        "name": "(anonymous_2)",
        "decl": {
          "start": {
            "line": 13,
            "column": 10
          },
          "end": {
            "line": 13,
            "column": 11
          }
        },
        "loc": {
          "start": {
            "line": 13,
            "column": 16
          },
          "end": {
            "line": 16,
            "column": 5
          }
        },
        "line": 13
      },
      "3": {
        "name": "viewClicked",
        "decl": {
          "start": {
            "line": 21,
            "column": 10
          },
          "end": {
            "line": 21,
            "column": 21
          }
        },
        "loc": {
          "start": {
            "line": 21,
            "column": 26
          },
          "end": {
            "line": 25,
            "column": 1
          }
        },
        "line": 21
      },
      "4": {
        "name": "(anonymous_4)",
        "decl": {
          "start": {
            "line": 27,
            "column": 4
          },
          "end": {
            "line": 27,
            "column": 5
          }
        },
        "loc": {
          "start": {
            "line": 27,
            "column": 10
          },
          "end": {
            "line": 31,
            "column": 5
          }
        },
        "line": 27
      },
      "5": {
        "name": "(anonymous_5)",
        "decl": {
          "start": {
            "line": 38,
            "column": 13
          },
          "end": {
            "line": 38,
            "column": 14
          }
        },
        "loc": {
          "start": {
            "line": 44,
            "column": 13
          },
          "end": {
            "line": 68,
            "column": 15
          }
        },
        "line": 44
      },
      "6": {
        "name": "(anonymous_6)",
        "decl": {
          "start": {
            "line": 65,
            "column": 54
          },
          "end": {
            "line": 65,
            "column": 55
          }
        },
        "loc": {
          "start": {
            "line": 65,
            "column": 60
          },
          "end": {
            "line": 65,
            "column": 81
          }
        },
        "line": 65
      }
    },
    "branchMap": {
      "0": {
        "loc": {
          "start": {
            "line": 28,
            "column": 6
          },
          "end": {
            "line": 30,
            "column": 7
          }
        },
        "type": "if",
        "locations": [
          {
            "start": {
              "line": 28,
              "column": 6
            },
            "end": {
              "line": 30,
              "column": 7
            }
          },
          {
            "start": {
              "line": 28,
              "column": 6
            },
            "end": {
              "line": 30,
              "column": 7
            }
          }
        ],
        "line": 28
      },
      "1": {
        "loc": {
          "start": {
            "line": 50,
            "column": 18
          },
          "end": {
            "line": 55,
            "column": 20
          }
        },
        "type": "cond-expr",
        "locations": [
          {
            "start": {
              "line": 52,
              "column": 22
            },
            "end": {
              "line": 52,
              "column": 92
            }
          },
          {
            "start": {
              "line": 54,
              "column": 20
            },
            "end": {
              "line": 54,
              "column": 74
            }
          }
        ],
        "line": 50
      },
      "2": {
        "loc": {
          "start": {
            "line": 58,
            "column": 19
          },
          "end": {
            "line": 63,
            "column": 9
          }
        },
        "type": "cond-expr",
        "locations": [
          {
            "start": {
              "line": 60,
              "column": 11
            },
            "end": {
              "line": 60,
              "column": 71
            }
          },
          {
            "start": {
              "line": 62,
              "column": 11
            },
            "end": {
              "line": 62,
              "column": 18
            }
          }
        ],
        "line": 58
      }
    },
    "s": {
      "0": 170,
      "1": 1184,
      "2": 1184,
      "3": 558,
      "4": 554,
      "5": 554,
      "6": 1184,
      "7": 20,
      "8": 20,
      "9": 20,
      "10": 1184,
      "11": 760,
      "12": 558,
      "13": 1184,
      "14": 2710,
      "15": 20
    },
    "f": {
      "0": 1184,
      "1": 558,
      "2": 554,
      "3": 20,
      "4": 760,
      "5": 2710,
      "6": 20
    },
    "b": {
      "0": [
        558,
        202
      ],
      "1": [
        20,
        2690
      ],
      "2": [
        412,
        2298
      ]
    },
    "_coverageSchema": "1a1c01bbd47fc00a2c39e90264f33305004495a9",
    "hash": "0b458d84715eeba2ab75855d85204123fdbeb3f0"
  },
  "C:\\Users\\acer\\Documents\\fund\\src\\Home\\Home.js": {
    "path": "C:\\Users\\acer\\Documents\\fund\\src\\Home\\Home.js",
    "statementMap": {
      "0": {
        "start": {
          "line": 6,
          "column": 13
        },
        "end": {
          "line": 80,
          "column": 1
        }
      },
      "1": {
        "start": {
          "line": 8,
          "column": 21
        },
        "end": {
          "line": 8,
          "column": 34
        }
      },
      "2": {
        "start": {
          "line": 9,
          "column": 21
        },
        "end": {
          "line": 9,
          "column": 34
        }
      },
      "3": {
        "start": {
          "line": 10,
          "column": 3
        },
        "end": {
          "line": 10,
          "column": 30
        }
      },
      "4": {
        "start": {
          "line": 12,
          "column": 28
        },
        "end": {
          "line": 14,
          "column": 5
        }
      },
      "5": {
        "start": {
          "line": 13,
          "column": 8
        },
        "end": {
          "line": 13,
          "column": 29
        }
      },
      "6": {
        "start": {
          "line": 16,
          "column": 28
        },
        "end": {
          "line": 18,
          "column": 5
        }
      },
      "7": {
        "start": {
          "line": 17,
          "column": 8
        },
        "end": {
          "line": 17,
          "column": 34
        }
      },
      "8": {
        "start": {
          "line": 20,
          "column": 28
        },
        "end": {
          "line": 22,
          "column": 5
        }
      },
      "9": {
        "start": {
          "line": 21,
          "column": 8
        },
        "end": {
          "line": 21,
          "column": 101
        }
      },
      "10": {
        "start": {
          "line": 23,
          "column": 37
        },
        "end": {
          "line": 23,
          "column": 49
        }
      },
      "11": {
        "start": {
          "line": 25,
          "column": 4
        },
        "end": {
          "line": 29,
          "column": 9
        }
      },
      "12": {
        "start": {
          "line": 26,
          "column": 8
        },
        "end": {
          "line": 28,
          "column": 9
        }
      },
      "13": {
        "start": {
          "line": 27,
          "column": 12
        },
        "end": {
          "line": 27,
          "column": 74
        }
      },
      "14": {
        "start": {
          "line": 31,
          "column": 4
        },
        "end": {
          "line": 79,
          "column": 6
        }
      }
    },
    "fnMap": {
      "0": {
        "name": "(anonymous_0)",
        "decl": {
          "start": {
            "line": 6,
            "column": 13
          },
          "end": {
            "line": 6,
            "column": 14
          }
        },
        "loc": {
          "start": {
            "line": 6,
            "column": 18
          },
          "end": {
            "line": 80,
            "column": 1
          }
        },
        "line": 6
      },
      "1": {
        "name": "(anonymous_1)",
        "decl": {
          "start": {
            "line": 12,
            "column": 28
          },
          "end": {
            "line": 12,
            "column": 29
          }
        },
        "loc": {
          "start": {
            "line": 12,
            "column": 34
          },
          "end": {
            "line": 14,
            "column": 5
          }
        },
        "line": 12
      },
      "2": {
        "name": "(anonymous_2)",
        "decl": {
          "start": {
            "line": 16,
            "column": 28
          },
          "end": {
            "line": 16,
            "column": 29
          }
        },
        "loc": {
          "start": {
            "line": 16,
            "column": 34
          },
          "end": {
            "line": 18,
            "column": 5
          }
        },
        "line": 16
      },
      "3": {
        "name": "(anonymous_3)",
        "decl": {
          "start": {
            "line": 20,
            "column": 28
          },
          "end": {
            "line": 20,
            "column": 29
          }
        },
        "loc": {
          "start": {
            "line": 20,
            "column": 34
          },
          "end": {
            "line": 22,
            "column": 5
          }
        },
        "line": 20
      },
      "4": {
        "name": "(anonymous_4)",
        "decl": {
          "start": {
            "line": 25,
            "column": 14
          },
          "end": {
            "line": 25,
            "column": 15
          }
        },
        "loc": {
          "start": {
            "line": 25,
            "column": 20
          },
          "end": {
            "line": 29,
            "column": 5
          }
        },
        "line": 25
      }
    },
    "branchMap": {
      "0": {
        "loc": {
          "start": {
            "line": 26,
            "column": 8
          },
          "end": {
            "line": 28,
            "column": 9
          }
        },
        "type": "if",
        "locations": [
          {
            "start": {
              "line": 26,
              "column": 8
            },
            "end": {
              "line": 28,
              "column": 9
            }
          },
          {
            "start": {
              "line": 26,
              "column": 8
            },
            "end": {
              "line": 28,
              "column": 9
            }
          }
        ],
        "line": 26
      },
      "1": {
        "loc": {
          "start": {
            "line": 37,
            "column": 13
          },
          "end": {
            "line": 44,
            "column": 13
          }
        },
        "type": "cond-expr",
        "locations": [
          {
            "start": {
              "line": 38,
              "column": 16
            },
            "end": {
              "line": 38,
              "column": 108
            }
          },
          {
            "start": {
              "line": 40,
              "column": 16
            },
            "end": {
              "line": 43,
              "column": 22
            }
          }
        ],
        "line": 37
      }
    },
    "s": {
      "0": 170,
      "1": 776,
      "2": 776,
      "3": 776,
      "4": 776,
      "5": 170,
      "6": 776,
      "7": 2,
      "8": 776,
      "9": 67,
      "10": 776,
      "11": 776,
      "12": 558,
      "13": 214,
      "14": 776
    },
    "f": {
      "0": 776,
      "1": 170,
      "2": 2,
      "3": 67,
      "4": 558
    },
    "b": {
      "0": [
        214,
        344
      ],
      "1": [
        348,
        428
      ]
    },
    "_coverageSchema": "1a1c01bbd47fc00a2c39e90264f33305004495a9",
    "hash": "42093875bdc5ab18a52ca28f4544d227aac5eb09"
  },
  "C:\\Users\\acer\\Documents\\fund\\src\\EditForm\\validateInfo.js": {
    "path": "C:\\Users\\acer\\Documents\\fund\\src\\EditForm\\validateInfo.js",
    "statementMap": {
      "0": {
        "start": {
          "line": 2,
          "column": 15
        },
        "end": {
          "line": 2,
          "column": 17
        }
      },
      "1": {
        "start": {
          "line": 4,
          "column": 2
        },
        "end": {
          "line": 6,
          "column": 3
        }
      },
      "2": {
        "start": {
          "line": 5,
          "column": 4
        },
        "end": {
          "line": 5,
          "column": 45
        }
      },
      "3": {
        "start": {
          "line": 8,
          "column": 2
        },
        "end": {
          "line": 10,
          "column": 3
        }
      },
      "4": {
        "start": {
          "line": 9,
          "column": 4
        },
        "end": {
          "line": 9,
          "column": 43
        }
      },
      "5": {
        "start": {
          "line": 13,
          "column": 2
        },
        "end": {
          "line": 15,
          "column": 3
        }
      },
      "6": {
        "start": {
          "line": 14,
          "column": 4
        },
        "end": {
          "line": 14,
          "column": 43
        }
      },
      "7": {
        "start": {
          "line": 17,
          "column": 2
        },
        "end": {
          "line": 21,
          "column": 3
        }
      },
      "8": {
        "start": {
          "line": 18,
          "column": 4
        },
        "end": {
          "line": 18,
          "column": 36
        }
      },
      "9": {
        "start": {
          "line": 19,
          "column": 9
        },
        "end": {
          "line": 21,
          "column": 3
        }
      },
      "10": {
        "start": {
          "line": 20,
          "column": 4
        },
        "end": {
          "line": 20,
          "column": 46
        }
      },
      "11": {
        "start": {
          "line": 22,
          "column": 2
        },
        "end": {
          "line": 22,
          "column": 30
        }
      },
      "12": {
        "start": {
          "line": 23,
          "column": 2
        },
        "end": {
          "line": 29,
          "column": 3
        }
      },
      "13": {
        "start": {
          "line": 24,
          "column": 4
        },
        "end": {
          "line": 26,
          "column": 5
        }
      },
      "14": {
        "start": {
          "line": 25,
          "column": 6
        },
        "end": {
          "line": 25,
          "column": 68
        }
      },
      "15": {
        "start": {
          "line": 26,
          "column": 5
        },
        "end": {
          "line": 28,
          "column": 5
        }
      },
      "16": {
        "start": {
          "line": 27,
          "column": 6
        },
        "end": {
          "line": 27,
          "column": 50
        }
      },
      "17": {
        "start": {
          "line": 42,
          "column": 2
        },
        "end": {
          "line": 42,
          "column": 16
        }
      }
    },
    "fnMap": {
      "0": {
        "name": "validateInfo",
        "decl": {
          "start": {
            "line": 1,
            "column": 24
          },
          "end": {
            "line": 1,
            "column": 36
          }
        },
        "loc": {
          "start": {
            "line": 1,
            "column": 45
          },
          "end": {
            "line": 43,
            "column": 1
          }
        },
        "line": 1
      }
    },
    "branchMap": {
      "0": {
        "loc": {
          "start": {
            "line": 4,
            "column": 2
          },
          "end": {
            "line": 6,
            "column": 3
          }
        },
        "type": "if",
        "locations": [
          {
            "start": {
              "line": 4,
              "column": 2
            },
            "end": {
              "line": 6,
              "column": 3
            }
          },
          {
            "start": {
              "line": 4,
              "column": 2
            },
            "end": {
              "line": 6,
              "column": 3
            }
          }
        ],
        "line": 4
      },
      "1": {
        "loc": {
          "start": {
            "line": 8,
            "column": 2
          },
          "end": {
            "line": 10,
            "column": 3
          }
        },
        "type": "if",
        "locations": [
          {
            "start": {
              "line": 8,
              "column": 2
            },
            "end": {
              "line": 10,
              "column": 3
            }
          },
          {
            "start": {
              "line": 8,
              "column": 2
            },
            "end": {
              "line": 10,
              "column": 3
            }
          }
        ],
        "line": 8
      },
      "2": {
        "loc": {
          "start": {
            "line": 13,
            "column": 2
          },
          "end": {
            "line": 15,
            "column": 3
          }
        },
        "type": "if",
        "locations": [
          {
            "start": {
              "line": 13,
              "column": 2
            },
            "end": {
              "line": 15,
              "column": 3
            }
          },
          {
            "start": {
              "line": 13,
              "column": 2
            },
            "end": {
              "line": 15,
              "column": 3
            }
          }
        ],
        "line": 13
      },
      "3": {
        "loc": {
          "start": {
            "line": 17,
            "column": 2
          },
          "end": {
            "line": 21,
            "column": 3
          }
        },
        "type": "if",
        "locations": [
          {
            "start": {
              "line": 17,
              "column": 2
            },
            "end": {
              "line": 21,
              "column": 3
            }
          },
          {
            "start": {
              "line": 17,
              "column": 2
            },
            "end": {
              "line": 21,
              "column": 3
            }
          }
        ],
        "line": 17
      },
      "4": {
        "loc": {
          "start": {
            "line": 19,
            "column": 9
          },
          "end": {
            "line": 21,
            "column": 3
          }
        },
        "type": "if",
        "locations": [
          {
            "start": {
              "line": 19,
              "column": 9
            },
            "end": {
              "line": 21,
              "column": 3
            }
          },
          {
            "start": {
              "line": 19,
              "column": 9
            },
            "end": {
              "line": 21,
              "column": 3
            }
          }
        ],
        "line": 19
      },
      "5": {
        "loc": {
          "start": {
            "line": 23,
            "column": 2
          },
          "end": {
            "line": 29,
            "column": 3
          }
        },
        "type": "if",
        "locations": [
          {
            "start": {
              "line": 23,
              "column": 2
            },
            "end": {
              "line": 29,
              "column": 3
            }
          },
          {
            "start": {
              "line": 23,
              "column": 2
            },
            "end": {
              "line": 29,
              "column": 3
            }
          }
        ],
        "line": 23
      },
      "6": {
        "loc": {
          "start": {
            "line": 24,
            "column": 4
          },
          "end": {
            "line": 26,
            "column": 5
          }
        },
        "type": "if",
        "locations": [
          {
            "start": {
              "line": 24,
              "column": 4
            },
            "end": {
              "line": 26,
              "column": 5
            }
          },
          {
            "start": {
              "line": 24,
              "column": 4
            },
            "end": {
              "line": 26,
              "column": 5
            }
          }
        ],
        "line": 24
      },
      "7": {
        "loc": {
          "start": {
            "line": 26,
            "column": 5
          },
          "end": {
            "line": 28,
            "column": 5
          }
        },
        "type": "if",
        "locations": [
          {
            "start": {
              "line": 26,
              "column": 5
            },
            "end": {
              "line": 28,
              "column": 5
            }
          },
          {
            "start": {
              "line": 26,
              "column": 5
            },
            "end": {
[...]
        }
      },
      "27": {
        "start": {
          "line": 59,
          "column": 24
        },
        "end": {
          "line": 69,
          "column": 3
        }
      },
      "28": {
        "start": {
          "line": 60,
          "column": 4
        },
        "end": {
          "line": 68,
          "column": 6
        }
      },
      "29": {
        "start": {
          "line": 66,
          "column": 8
        },
        "end": {
          "line": 66,
          "column": 29
        }
      },
      "30": {
        "start": {
          "line": 67,
          "column": 8
        },
        "end": {
          "line": 67,
          "column": 23
        }
      },
      "31": {
        "start": {
          "line": 80,
          "column": 22
        },
        "end": {
          "line": 82,
          "column": 3
        }
      },
      "32": {
        "start": {
          "line": 81,
          "column": 4
        },
        "end": {
          "line": 81,
          "column": 95
        }
      },
      "33": {
        "start": {
          "line": 84,
          "column": 2
        },
        "end": {
          "line": 130,
          "column": 4
        }
      },
      "34": {
        "start": {
          "line": 116,
          "column": 28
        },
        "end": {
          "line": 119,
          "column": 34
        }
      },
      "35": {
        "start": {
          "line": 118,
          "column": 94
        },
        "end": {
          "line": 118,
          "column": 116
        }
      }
    },
    "fnMap": {
      "0": {
        "name": "(anonymous_0)",
        "decl": {
          "start": {
            "line": 6,
            "column": 21
          },
          "end": {
            "line": 6,
            "column": 22
          }
        },
        "loc": {
          "start": {
            "line": 6,
            "column": 27
          },
          "end": {
            "line": 131,
            "column": 1
          }
        },
        "line": 6
      },
      "1": {
        "name": "(anonymous_1)",
        "decl": {
          "start": {
            "line": 16,
            "column": 22
          },
          "end": {
            "line": 16,
            "column": 23
          }
        },
        "loc": {
          "start": {
            "line": 16,
            "column": 27
          },
          "end": {
            "line": 24,
            "column": 3
          }
        },
        "line": 16
      },
      "2": {
        "name": "(anonymous_2)",
        "decl": {
          "start": {
            "line": 19,
            "column": 14
          },
          "end": {
            "line": 19,
            "column": 15
          }
        },
        "loc": {
          "start": {
            "line": 19,
            "column": 20
          },
          "end": {
            "line": 23,
            "column": 9
          }
        },
        "line": 19
      },
      "3": {
        "name": "(anonymous_3)",
        "decl": {
          "start": {
            "line": 26,
            "column": 12
          },
          "end": {
            "line": 26,
            "column": 13
          }
        },
        "loc": {
          "start": {
            "line": 26,
            "column": 18
          },
          "end": {
            "line": 31,
            "column": 3
          }
        },
        "line": 26
      },
      "4": {
        "name": "(anonymous_4)",
        "decl": {
          "start": {
            "line": 33,
            "column": 23
          },
          "end": {
            "line": 33,
            "column": 24
          }
        },
        "loc": {
          "start": {
            "line": 33,
            "column": 28
          },
          "end": {
            "line": 36,
            "column": 3
          }
        },
        "line": 33
      },
      "5": {
        "name": "(anonymous_5)",
        "decl": {
          "start": {
            "line": 38,
            "column": 23
          },
          "end": {
            "line": 38,
            "column": 24
          }
        },
        "loc": {
          "start": {
            "line": 38,
            "column": 30
          },
          "end": {
            "line": 57,
            "column": 2
          }
        },
        "line": 38
      },
      "6": {
        "name": "(anonymous_6)",
        "decl": {
          "start": {
            "line": 50,
            "column": 10
          },
          "end": {
            "line": 50,
            "column": 11
          }
        },
        "loc": {
          "start": {
            "line": 50,
            "column": 17
          },
          "end": {
            "line": 54,
            "column": 5
          }
        },
        "line": 50
      },
      "7": {
        "name": "(anonymous_7)",
        "decl": {
          "start": {
            "line": 54,
            "column": 13
          },
          "end": {
            "line": 54,
            "column": 14
          }
        },
        "loc": {
          "start": {
            "line": 54,
            "column": 20
          },
          "end": {
            "line": 56,
            "column": 5
          }
        },
        "line": 54
      },
      "8": {
        "name": "(anonymous_8)",
        "decl": {
          "start": {
            "line": 59,
            "column": 24
          },
          "end": {
            "line": 59,
            "column": 25
          }
        },
        "loc": {
          "start": {
            "line": 59,
            "column": 31
          },
          "end": {
            "line": 69,
            "column": 3
          }
        },
        "line": 59
      },
      "9": {
        "name": "(anonymous_9)",
        "decl": {
          "start": {
            "line": 65,
            "column": 10
          },
          "end": {
            "line": 65,
            "column": 11
          }
        },
        "loc": {
          "start": {
            "line": 65,
            "column": 17
          },
          "end": {
            "line": 68,
            "column": 5
          }
        },
        "line": 65
      },
      "10": {
        "name": "(anonymous_10)",
        "decl": {
          "start": {
            "line": 80,
            "column": 22
          },
          "end": {
            "line": 80,
            "column": 23
          }
        },
        "loc": {
          "start": {
            "line": 80,
            "column": 28
          },
          "end": {
            "line": 82,
            "column": 3
          }
        },
        "line": 80
      },
      "11": {
        "name": "(anonymous_11)",
        "decl": {
          "start": {
            "line": 115,
            "column": 29
          },
          "end": {
            "line": 115,
            "column": 30
          }
        },
        "loc": {
          "start": {
            "line": 116,
            "column": 28
          },
          "end": {
            "line": 119,
            "column": 34
          }
        },
        "line": 116
      },
      "12": {
        "name": "(anonymous_12)",
        "decl": {
          "start": {
            "line": 118,
            "column": 90
          },
          "end": {
            "line": 118,
            "column": 91
          }
        },
        "loc": {
          "start": {
            "line": 118,
            "column": 94
          },
          "end": {
            "line": 118,
            "column": 116
          }
        },
        "line": 118
      }
    },
    "branchMap": {
      "0": {
        "loc": {
          "start": {
            "line": 27,
            "column": 4
          },
          "end": {
            "line": 29,
            "column": 5
          }
        },
        "type": "if",
        "locations": [
          {
            "start": {
              "line": 27,
              "column": 4
            },
            "end": {
              "line": 29,
              "column": 5
            }
          },
          {
            "start": {
              "line": 27,
              "column": 4
            },
            "end": {
              "line": 29,
              "column": 5
            }
          }
        ],
        "line": 27
      },
      "1": {
        "loc": {
          "start": {
            "line": 103,
            "column": 21
          },
          "end": {
            "line": 103,
            "column": 91
          }
        },
        "type": "binary-expr",
        "locations": [
          {
            "start": {
              "line": 103,
              "column": 21
            },
            "end": {
              "line": 103,
              "column": 31
            }
          },
          {
            "start": {
              "line": 103,
              "column": 35
            },
            "end": {
              "line": 103,
              "column": 91
            }
          }
        ],
        "line": 103
      }
    },
    "s": {
      "0": 170,
      "1": 114,
      "2": 114,
      "3": 114,
      "4": 114,
      "5": 114,
      "6": 114,
      "7": 114,
      "8": 32,
      "9": 31,
      "10": 31,
      "11": 31,
      "12": 114,
      "13": 53,
      "14": 28,
      "15": 114,
      "16": 12,
      "17": 114,
      "18": 4,
      "19": 4,
      "20": 4,
      "21": 4,
      "22": 4,
      "23": 2,
      "24": 2,
      "25": 2,
      "26": 2,
      "27": 114,
      "28": 2,
      "29": 2,
      "30": 2,
      "31": 114,
      "32": 2,
      "33": 114,
      "34": 268,
      "35": 2
    },
    "f": {
      "0": 114,
      "1": 32,
      "2": 31,
      "3": 53,
      "4": 12,
      "5": 4,
      "6": 2,
      "7": 2,
      "8": 2,
      "9": 2,
      "10": 2,
      "11": 268,
      "12": 2
    },
    "b": {
      "0": [
        28,
        25
      ],
      "1": [
        114,
        4
      ]
    },
    "_coverageSchema": "1a1c01bbd47fc00a2c39e90264f33305004495a9",
    "hash": "b0033c8775d6a1b34668d298d375d82d815e7d5c"
  },
  "C:\\Users\\acer\\Documents\\fund\\src\\AllDonations\\donations.js": {
    "path": "C:\\Users\\acer\\Documents\\fund\\src\\AllDonations\\donations.js",
    "statementMap": {
      "0": {
        "start": {
          "line": 6,
          "column": 21
        },
        "end": {
          "line": 66,
          "column": 1
        }
      },
      "1": {
        "start": {
          "line": 8,
          "column": 36
        },
        "end": {
          "line": 8,
          "column": 48
        }
      },
      "2": {
        "start": {
          "line": 11,
          "column": 19
        },
        "end": {
          "line": 11,
          "column": 32
        }
      },
      "3": {
        "start": {
          "line": 12,
          "column": 19
        },
        "end": {
          "line": 12,
          "column": 32
        }
      },
      "4": {
        "start": {
          "line": 14,
          "column": 24
        },
        "end": {
          "line": 26,
          "column": 3
        }
      },
      "5": {
        "start": {
          "line": 15,
          "column": 4
        },
        "end": {
          "line": 25,
          "column": 6
        }
      },
      "6": {
        "start": {
          "line": 21,
          "column": 6
        },
        "end": {
          "line": 21,
          "column": 27
        }
      },
      "7": {
        "start": {
          "line": 22,
          "column": 6
        },
        "end": {
          "line": 22,
          "column": 28
        }
      },
      "8": {
        "start": {
          "line": 24,
          "column": 8
        },
        "end": {
          "line": 24,
          "column": 24
        }
      },
      "9": {
        "start": {
          "line": 28,
          "column": 2
        },
        "end": {
          "line": 33,
          "column": 16
        }
      },
      "10": {
        "start": {
          "line": 29,
          "column": 4
        },
        "end": {
          "line": 32,
          "column": 5
        }
      },
      "11": {
        "start": {
          "line": 30,
          "column": 6
        },
        "end": {
          "line": 30,
          "column": 21
        }
      },
      "12": {
        "start": {
          "line": 36,
          "column": 22
        },
        "end": {
          "line": 38,
          "column": 3
        }
      },
      "13": {
        "start": {
          "line": 37,
          "column": 4
        },
        "end": {
          "line": 37,
          "column": 95
        }
      },
      "14": {
        "start": {
          "line": 42,
          "column": 2
        },
        "end": {
          "line": 65,
          "column": 4
        }
      },
      "15": {
        "start": {
          "line": 51,
          "column": 14
        },
        "end": {
          "line": 61,
          "column": 18
        }
      }
    },
    "fnMap": {
      "0": {
        "name": "(anonymous_0)",
        "decl": {
          "start": {
            "line": 6,
            "column": 21
          },
          "end": {
            "line": 6,
            "column": 22
          }
        },
        "loc": {
          "start": {
            "line": 6,
            "column": 27
          },
          "end": {
            "line": 66,
            "column": 1
          }
        },
        "line": 6
      },
      "1": {
        "name": "(anonymous_1)",
        "decl": {
          "start": {
            "line": 14,
            "column": 24
          },
          "end": {
            "line": 14,
            "column": 25
          }
        },
        "loc": {
          "start": {
            "line": 14,
            "column": 30
          },
          "end": {
            "line": 26,
            "column": 3
          }
        },
        "line": 14
      },
      "2": {
        "name": "(anonymous_2)",
        "decl": {
          "start": {
            "line": 20,
            "column": 10
          },
          "end": {
            "line": 20,
            "column": 11
          }
        },
        "loc": {
          "start": {
            "line": 20,
            "column": 16
          },
          "end": {
            "line": 23,
            "column": 7
          }
        },
        "line": 20
      },
      "3": {
        "name": "(anonymous_3)",
        "decl": {
          "start": {
            "line": 23,
            "column": 15
          },
          "end": {
            "line": 23,
            "column": 16
          }
        },
        "loc": {
          "start": {
            "line": 23,
            "column": 22
          },
          "end": {
            "line": 25,
            "column": 5
          }
        },
        "line": 23
      },
      "4": {
        "name": "(anonymous_4)",
        "decl": {
          "start": {
            "line": 28,
            "column": 12
          },
          "end": {
            "line": 28,
            "column": 13
          }
        },
        "loc": {
          "start": {
            "line": 28,
            "column": 18
          },
          "end": {
            "line": 33,
            "column": 3
          }
        },
        "line": 28
      },
      "5": {
        "name": "(anonymous_5)",
        "decl": {
          "start": {
            "line": 36,
            "column": 22
          },
          "end": {
            "line": 36,
            "column": 23
          }
        },
        "loc": {
          "start": {
            "line": 36,
            "column": 28
          },
          "end": {
            "line": 38,
            "column": 3
          }
        },
        "line": 36
      },
      "6": {
        "name": "(anonymous_6)",
        "decl": {
          "start": {
            "line": 50,
            "column": 17
          },
          "end": {
            "line": 50,
            "column": 18
          }
        },
        "loc": {
          "start": {
            "line": 51,
            "column": 14
          },
          "end": {
            "line": 61,
            "column": 18
          }
        },
        "line": 51
      }
    },
    "branchMap": {
      "0": {
        "loc": {
          "start": {
            "line": 29,
            "column": 4
          },
          "end": {
            "line": 32,
            "column": 5
          }
        },
        "type": "if",
        "locations": [
          {
            "start": {
              "line": 29,
              "column": 4
            },
            "end": {
              "line": 32,
              "column": 5
            }
          },
          {
            "start": {
              "line": 29,
              "column": 4
            },
            "end": {
              "line": 32,
              "column": 5
            }
          }
        ],
        "line": 29
      },
      "1": {
        "loc": {
          "start": {
            "line": 53,
            "column": 17
          },
          "end": {
            "line": 57,
            "column": 107
          }
        },
        "type": "cond-expr",
        "locations": [
          {
            "start": {
              "line": 55,
              "column": 21
            },
            "end": {
              "line": 55,
              "column": 62
            }
          },
          {
            "start": {
              "line": 57,
              "column": 20
            },
            "end": {
              "line": 57,
              "column": 106
            }
          }
        ],
        "line": 53
      }
    },
    "s": {
      "0": 170,
      "1": 56,
      "2": 48,
      "3": 48,
      "4": 48,
      "5": 20,
      "6": 16,
      "7": 16,
      "8": 4,
      "9": 48,
      "10": 34,
      "11": 20,
      "12": 48,
      "13": 2,
      "14": 48,
      "15": 204
    },
    "f": {
      "0": 56,
      "1": 20,
      "2": 16,
      "3": 4,
      "4": 34,
      "5": 2,
      "6": 204
    },
    "b": {
      "0": [
        20,
        14
      ],
      "1": [
        70,
        134
      ]
    },
    "_coverageSchema": "1a1c01bbd47fc00a2c39e90264f33305004495a9",
    "hash": "715163e6d69f21d6ab73c7d5b97de648579882c5"
  },
  "C:\\Users\\acer\\Documents\\fund\\src\\App.js": {
    "path": "C:\\Users\\acer\\Documents\\fund\\src\\App.js",
    "statementMap": {
      "0": {
        "start": {
          "line": 21,
          "column": 2
        },
        "end": {
          "line": 46,
          "column": 4
        }
      }
    },
    "fnMap": {
      "0": {
        "name": "App",
        "decl": {
          "start": {
            "line": 20,
            "column": 9
          },
          "end": {
            "line": 20,
            "column": 12
          }
        },
        "loc": {
          "start": {
            "line": 20,
            "column": 15
          },
          "end": {
            "line": 47,
            "column": 1
          }
        },
        "line": 20
      }
    },
    "branchMap": {},
    "s": {
      "0": 386
    },
    "f": {
      "0": 386
    },
    "b": {},
    "_coverageSchema": "1a1c01bbd47fc00a2c39e90264f33305004495a9",
    "hash": "3587f6c4233dbc33b77dd92854ac3010c5948778"
  },
  "C:\\Users\\acer\\Documents\\fund\\src\\index.js": {
    "path": "C:\\Users\\acer\\Documents\\fund\\src\\index.js",
    "statementMap": {
      "0": {
        "start": {
          "line": 9,
          "column": 13
        },
        "end": {
          "line": 9,
          "column": 65
        }
      },
      "1": {
        "start": {
          "line": 10,
          "column": 0
        },
        "end": {
          "line": 19,
          "column": 2
        }
      },
      "2": {
        "start": {
          "line": 24,
          "column": 0
        },
        "end": {
          "line": 24,
          "column": 18
        }
      }
    },
    "fnMap": {},
    "branchMap": {},
    "s": {
      "0": 170,
      "1": 170,
      "2": 170
    },
    "f": {},
    "b": {},
    "_coverageSchema": "1a1c01bbd47fc00a2c39e90264f33305004495a9",
    "hash": "53b84164fd05709ffb8f731e14829035603345a2"
  }
}